[0.308s] Invoking command in '/home/oscar/Documents/GitHub/Fiverr/arnavsharma227/src/snaking_movement': PYTHONPATH=/home/oscar/Documents/GitHub/Fiverr/arnavsharma227/src/snaking_movement/install/snaking_movement/lib/python3.8/site-packages:${PYTHONPATH} /usr/bin/python3 setup.py egg_info --egg-base build/snaking_movement build --build-base /home/oscar/Documents/GitHub/Fiverr/arnavsharma227/src/snaking_movement/build/snaking_movement/build install --prefix /home/oscar/Documents/GitHub/Fiverr/arnavsharma227/src/snaking_movement/install/snaking_movement --record /home/oscar/Documents/GitHub/Fiverr/arnavsharma227/src/snaking_movement/build/snaking_movement/install.log --single-version-externally-managed
[0.534s] /home/oscar/.local/lib/python3.8/site-packages/setuptools/dist.py:691: UserWarning: Usage of dash-separated 'script-dir' will not be supported in future versions. Please use the underscore name 'script_dir' instead
[0.535s]   warnings.warn(
[0.535s] /home/oscar/.local/lib/python3.8/site-packages/setuptools/dist.py:691: UserWarning: Usage of dash-separated 'install-scripts' will not be supported in future versions. Please use the underscore name 'install_scripts' instead
[0.535s]   warnings.warn(
[0.568s] running egg_info
[0.569s] writing build/snaking_movement/snaking_movement.egg-info/PKG-INFO
[0.569s] writing dependency_links to build/snaking_movement/snaking_movement.egg-info/dependency_links.txt
[0.569s] writing entry points to build/snaking_movement/snaking_movement.egg-info/entry_points.txt
[0.570s] writing requirements to build/snaking_movement/snaking_movement.egg-info/requires.txt
[0.570s] writing top-level names to build/snaking_movement/snaking_movement.egg-info/top_level.txt
[0.606s] reading manifest file 'build/snaking_movement/snaking_movement.egg-info/SOURCES.txt'
[0.606s] writing manifest file 'build/snaking_movement/snaking_movement.egg-info/SOURCES.txt'
[0.607s] running build
[0.607s] running build_py
[0.607s] copying snaking_movement/snaking_node.py -> /home/oscar/Documents/GitHub/Fiverr/arnavsharma227/src/snaking_movement/build/snaking_movement/build/lib/snaking_movement
[0.608s] running install
[0.608s] running install_lib
[0.609s] copying /home/oscar/Documents/GitHub/Fiverr/arnavsharma227/src/snaking_movement/build/snaking_movement/build/lib/snaking_movement/snaking_node.py -> /home/oscar/Documents/GitHub/Fiverr/arnavsharma227/src/snaking_movement/install/snaking_movement/lib/python3.8/site-packages/snaking_movement
[0.609s] byte-compiling /home/oscar/Documents/GitHub/Fiverr/arnavsharma227/src/snaking_movement/install/snaking_movement/lib/python3.8/site-packages/snaking_movement/snaking_node.py to snaking_node.cpython-38.pyc
[0.609s] running install_data
[0.610s] Sorry: IndentationError: expected an indented block (snaking_node.py, line 65)
[0.610s] running install_egg_info
[0.611s] removing '/home/oscar/Documents/GitHub/Fiverr/arnavsharma227/src/snaking_movement/install/snaking_movement/lib/python3.8/site-packages/snaking_movement-0.0.0-py3.8.egg-info' (and everything under it)
[0.612s] Copying build/snaking_movement/snaking_movement.egg-info to /home/oscar/Documents/GitHub/Fiverr/arnavsharma227/src/snaking_movement/install/snaking_movement/lib/python3.8/site-packages/snaking_movement-0.0.0-py3.8.egg-info
[0.612s] running install_scripts
[0.629s] Installing snaking_node script to /home/oscar/Documents/GitHub/Fiverr/arnavsharma227/src/snaking_movement/install/snaking_movement/lib/snaking_movement
[0.629s] writing list of installed files to '/home/oscar/Documents/GitHub/Fiverr/arnavsharma227/src/snaking_movement/build/snaking_movement/install.log'
[0.654s] Invoked command in '/home/oscar/Documents/GitHub/Fiverr/arnavsharma227/src/snaking_movement' returned '0': PYTHONPATH=/home/oscar/Documents/GitHub/Fiverr/arnavsharma227/src/snaking_movement/install/snaking_movement/lib/python3.8/site-packages:${PYTHONPATH} /usr/bin/python3 setup.py egg_info --egg-base build/snaking_movement build --build-base /home/oscar/Documents/GitHub/Fiverr/arnavsharma227/src/snaking_movement/build/snaking_movement/build install --prefix /home/oscar/Documents/GitHub/Fiverr/arnavsharma227/src/snaking_movement/install/snaking_movement --record /home/oscar/Documents/GitHub/Fiverr/arnavsharma227/src/snaking_movement/build/snaking_movement/install.log --single-version-externally-managed
