[0.308s] Invoking command in '/home/oscar/Documents/GitHub/Fiverr/arnavsharma227/src/snaking_movement': PYTHONPATH=/home/oscar/Documents/GitHub/Fiverr/arnavsharma227/src/snaking_movement/install/snaking_movement/lib/python3.8/site-packages:${PYTHONPATH} /usr/bin/python3 setup.py egg_info --egg-base build/snaking_movement build --build-base /home/oscar/Documents/GitHub/Fiverr/arnavsharma227/src/snaking_movement/build/snaking_movement/build install --prefix /home/oscar/Documents/GitHub/Fiverr/arnavsharma227/src/snaking_movement/install/snaking_movement --record /home/oscar/Documents/GitHub/Fiverr/arnavsharma227/src/snaking_movement/build/snaking_movement/install.log --single-version-externally-managed
[0.546s] /home/oscar/.local/lib/python3.8/site-packages/setuptools/dist.py:691: UserWarning: Usage of dash-separated 'script-dir' will not be supported in future versions. Please use the underscore name 'script_dir' instead
[0.546s]   warnings.warn(
[0.547s] /home/oscar/.local/lib/python3.8/site-packages/setuptools/dist.py:691: UserWarning: Usage of dash-separated 'install-scripts' will not be supported in future versions. Please use the underscore name 'install_scripts' instead
[0.547s]   warnings.warn(
[0.576s] running egg_info
[0.577s] writing build/snaking_movement/snaking_movement.egg-info/PKG-INFO
[0.577s] writing dependency_links to build/snaking_movement/snaking_movement.egg-info/dependency_links.txt
[0.577s] writing entry points to build/snaking_movement/snaking_movement.egg-info/entry_points.txt
[0.577s] writing requirements to build/snaking_movement/snaking_movement.egg-info/requires.txt
[0.578s] writing top-level names to build/snaking_movement/snaking_movement.egg-info/top_level.txt
[0.611s] reading manifest file 'build/snaking_movement/snaking_movement.egg-info/SOURCES.txt'
[0.612s] writing manifest file 'build/snaking_movement/snaking_movement.egg-info/SOURCES.txt'
[0.612s] running build
[0.612s] running build_py
[0.612s] copying snaking_movement/snaking_node.py -> /home/oscar/Documents/GitHub/Fiverr/arnavsharma227/src/snaking_movement/build/snaking_movement/build/lib/snaking_movement
[0.613s] running install
[0.613s] running install_lib
[0.614s] copying /home/oscar/Documents/GitHub/Fiverr/arnavsharma227/src/snaking_movement/build/snaking_movement/build/lib/snaking_movement/snaking_node.py -> /home/oscar/Documents/GitHub/Fiverr/arnavsharma227/src/snaking_movement/install/snaking_movement/lib/python3.8/site-packages/snaking_movement
[0.614s] byte-compiling /home/oscar/Documents/GitHub/Fiverr/arnavsharma227/src/snaking_movement/install/snaking_movement/lib/python3.8/site-packages/snaking_movement/snaking_node.py to snaking_node.cpython-38.pyc
[0.614s] running install_data
[0.615s] running install_egg_info
[0.616s] removing '/home/oscar/Documents/GitHub/Fiverr/arnavsharma227/src/snaking_movement/install/snaking_movement/lib/python3.8/site-packages/snaking_movement-0.0.0-py3.8.egg-info' (and everything under it)
[0.617s] Copying build/snaking_movement/snaking_movement.egg-info to /home/oscar/Documents/GitHub/Fiverr/arnavsharma227/src/snaking_movement/install/snaking_movement/lib/python3.8/site-packages/snaking_movement-0.0.0-py3.8.egg-info
[0.617s] running install_scripts
[0.633s] Installing snaking_node script to /home/oscar/Documents/GitHub/Fiverr/arnavsharma227/src/snaking_movement/install/snaking_movement/lib/snaking_movement
[0.633s] writing list of installed files to '/home/oscar/Documents/GitHub/Fiverr/arnavsharma227/src/snaking_movement/build/snaking_movement/install.log'
[0.656s] Invoked command in '/home/oscar/Documents/GitHub/Fiverr/arnavsharma227/src/snaking_movement' returned '0': PYTHONPATH=/home/oscar/Documents/GitHub/Fiverr/arnavsharma227/src/snaking_movement/install/snaking_movement/lib/python3.8/site-packages:${PYTHONPATH} /usr/bin/python3 setup.py egg_info --egg-base build/snaking_movement build --build-base /home/oscar/Documents/GitHub/Fiverr/arnavsharma227/src/snaking_movement/build/snaking_movement/build install --prefix /home/oscar/Documents/GitHub/Fiverr/arnavsharma227/src/snaking_movement/install/snaking_movement --record /home/oscar/Documents/GitHub/Fiverr/arnavsharma227/src/snaking_movement/build/snaking_movement/install.log --single-version-externally-managed
