[0.317s] Invoking command in '/home/oscar/Documents/GitHub/Fiverr/arnavsharma227/src/snaking_movement': PYTHONPATH=/home/oscar/Documents/GitHub/Fiverr/arnavsharma227/install/snaking_movement/lib/python3.8/site-packages:${PYTHONPATH} /usr/bin/python3 setup.py egg_info --egg-base ../../build/snaking_movement build --build-base /home/oscar/Documents/GitHub/Fiverr/arnavsharma227/build/snaking_movement/build install --prefix /home/oscar/Documents/GitHub/Fiverr/arnavsharma227/install/snaking_movement --record /home/oscar/Documents/GitHub/Fiverr/arnavsharma227/build/snaking_movement/install.log --single-version-externally-managed
[0.547s] /home/oscar/.local/lib/python3.8/site-packages/setuptools/dist.py:691: UserWarning: Usage of dash-separated 'script-dir' will not be supported in future versions. Please use the underscore name 'script_dir' instead
[0.547s]   warnings.warn(
[0.547s] /home/oscar/.local/lib/python3.8/site-packages/setuptools/dist.py:691: UserWarning: Usage of dash-separated 'install-scripts' will not be supported in future versions. Please use the underscore name 'install_scripts' instead
[0.547s]   warnings.warn(
[0.580s] running egg_info
[0.581s] creating ../../build/snaking_movement/snaking_movement.egg-info
[0.581s] writing ../../build/snaking_movement/snaking_movement.egg-info/PKG-INFO
[0.581s] writing dependency_links to ../../build/snaking_movement/snaking_movement.egg-info/dependency_links.txt
[0.582s] writing entry points to ../../build/snaking_movement/snaking_movement.egg-info/entry_points.txt
[0.582s] writing requirements to ../../build/snaking_movement/snaking_movement.egg-info/requires.txt
[0.582s] writing top-level names to ../../build/snaking_movement/snaking_movement.egg-info/top_level.txt
[0.584s] writing manifest file '../../build/snaking_movement/snaking_movement.egg-info/SOURCES.txt'
[0.623s] reading manifest file '../../build/snaking_movement/snaking_movement.egg-info/SOURCES.txt'
[0.624s] writing manifest file '../../build/snaking_movement/snaking_movement.egg-info/SOURCES.txt'
[0.624s] running build
[0.624s] running build_py
[0.624s] creating /home/oscar/Documents/GitHub/Fiverr/arnavsharma227/build/snaking_movement/build
[0.625s] creating /home/oscar/Documents/GitHub/Fiverr/arnavsharma227/build/snaking_movement/build/lib
[0.625s] creating /home/oscar/Documents/GitHub/Fiverr/arnavsharma227/build/snaking_movement/build/lib/snaking_movement
[0.625s] copying snaking_movement/__init__.py -> /home/oscar/Documents/GitHub/Fiverr/arnavsharma227/build/snaking_movement/build/lib/snaking_movement
[0.625s] copying snaking_movement/snaking_node.py -> /home/oscar/Documents/GitHub/Fiverr/arnavsharma227/build/snaking_movement/build/lib/snaking_movement
[0.626s] running install
[0.626s] running install_lib
[0.626s] creating /home/oscar/Documents/GitHub/Fiverr/arnavsharma227/install/snaking_movement/lib/python3.8/site-packages/snaking_movement
[0.627s] copying /home/oscar/Documents/GitHub/Fiverr/arnavsharma227/build/snaking_movement/build/lib/snaking_movement/__init__.py -> /home/oscar/Documents/GitHub/Fiverr/arnavsharma227/install/snaking_movement/lib/python3.8/site-packages/snaking_movement
[0.627s] copying /home/oscar/Documents/GitHub/Fiverr/arnavsharma227/build/snaking_movement/build/lib/snaking_movement/snaking_node.py -> /home/oscar/Documents/GitHub/Fiverr/arnavsharma227/install/snaking_movement/lib/python3.8/site-packages/snaking_movement
[0.628s] byte-compiling /home/oscar/Documents/GitHub/Fiverr/arnavsharma227/install/snaking_movement/lib/python3.8/site-packages/snaking_movement/__init__.py to __init__.cpython-38.pyc
[0.628s] byte-compiling /home/oscar/Documents/GitHub/Fiverr/arnavsharma227/install/snaking_movement/lib/python3.8/site-packages/snaking_movement/snaking_node.py to snaking_node.cpython-38.pyc
[0.628s] Sorry: IndentationError: expected an indented block (snaking_node.py, line 48)
[0.628s] running install_data
[0.628s] creating /home/oscar/Documents/GitHub/Fiverr/arnavsharma227/install/snaking_movement/share/ament_index
[0.629s] creating /home/oscar/Documents/GitHub/Fiverr/arnavsharma227/install/snaking_movement/share/ament_index/resource_index
[0.629s] creating /home/oscar/Documents/GitHub/Fiverr/arnavsharma227/install/snaking_movement/share/ament_index/resource_index/packages
[0.629s] copying resource/snaking_movement -> /home/oscar/Documents/GitHub/Fiverr/arnavsharma227/install/snaking_movement/share/ament_index/resource_index/packages
[0.629s] copying package.xml -> /home/oscar/Documents/GitHub/Fiverr/arnavsharma227/install/snaking_movement/share/snaking_movement
[0.629s] running install_egg_info
[0.630s] Copying ../../build/snaking_movement/snaking_movement.egg-info to /home/oscar/Documents/GitHub/Fiverr/arnavsharma227/install/snaking_movement/lib/python3.8/site-packages/snaking_movement-0.0.0-py3.8.egg-info
[0.631s] running install_scripts
[0.648s] Installing snaking_node script to /home/oscar/Documents/GitHub/Fiverr/arnavsharma227/install/snaking_movement/lib/snaking_movement
[0.648s] writing list of installed files to '/home/oscar/Documents/GitHub/Fiverr/arnavsharma227/build/snaking_movement/install.log'
[0.671s] Invoked command in '/home/oscar/Documents/GitHub/Fiverr/arnavsharma227/src/snaking_movement' returned '0': PYTHONPATH=/home/oscar/Documents/GitHub/Fiverr/arnavsharma227/install/snaking_movement/lib/python3.8/site-packages:${PYTHONPATH} /usr/bin/python3 setup.py egg_info --egg-base ../../build/snaking_movement build --build-base /home/oscar/Documents/GitHub/Fiverr/arnavsharma227/build/snaking_movement/build install --prefix /home/oscar/Documents/GitHub/Fiverr/arnavsharma227/install/snaking_movement --record /home/oscar/Documents/GitHub/Fiverr/arnavsharma227/build/snaking_movement/install.log --single-version-externally-managed
