[0.308s] Invoking command in '/home/oscar/Documents/GitHub/Fiverr/arnavsharma227/src/snaking_movement': PYTHONPATH=/home/oscar/Documents/GitHub/Fiverr/arnavsharma227/src/snaking_movement/install/snaking_movement/lib/python3.8/site-packages:${PYTHONPATH} /usr/bin/python3 setup.py egg_info --egg-base build/snaking_movement build --build-base /home/oscar/Documents/GitHub/Fiverr/arnavsharma227/src/snaking_movement/build/snaking_movement/build install --prefix /home/oscar/Documents/GitHub/Fiverr/arnavsharma227/src/snaking_movement/install/snaking_movement --record /home/oscar/Documents/GitHub/Fiverr/arnavsharma227/src/snaking_movement/build/snaking_movement/install.log --single-version-externally-managed
[0.578s] running egg_info
[0.578s] writing build/snaking_movement/snaking_movement.egg-info/PKG-INFO
[0.579s] writing dependency_links to build/snaking_movement/snaking_movement.egg-info/dependency_links.txt
[0.579s] writing entry points to build/snaking_movement/snaking_movement.egg-info/entry_points.txt
[0.579s] writing requirements to build/snaking_movement/snaking_movement.egg-info/requires.txt
[0.579s] writing top-level names to build/snaking_movement/snaking_movement.egg-info/top_level.txt
[0.614s] reading manifest file 'build/snaking_movement/snaking_movement.egg-info/SOURCES.txt'
[0.615s] writing manifest file 'build/snaking_movement/snaking_movement.egg-info/SOURCES.txt'
[0.616s] running build
[0.616s] running build_py
[0.616s] running install
[0.616s] running install_lib
[0.618s] running install_data
[0.618s] running install_egg_info
[0.619s] removing '/home/oscar/Documents/GitHub/Fiverr/arnavsharma227/src/snaking_movement/install/snaking_movement/lib/python3.8/site-packages/snaking_movement-0.0.0-py3.8.egg-info' (and everything under it)
[0.620s] Copying build/snaking_movement/snaking_movement.egg-info to /home/oscar/Documents/GitHub/Fiverr/arnavsharma227/src/snaking_movement/install/snaking_movement/lib/python3.8/site-packages/snaking_movement-0.0.0-py3.8.egg-info
[0.620s] running install_scripts
[0.637s] Installing snaking_node script to /home/oscar/Documents/GitHub/Fiverr/arnavsharma227/src/snaking_movement/install/snaking_movement/lib/snaking_movement
[0.637s] writing list of installed files to '/home/oscar/Documents/GitHub/Fiverr/arnavsharma227/src/snaking_movement/build/snaking_movement/install.log'
[0.663s] Invoked command in '/home/oscar/Documents/GitHub/Fiverr/arnavsharma227/src/snaking_movement' returned '0': PYTHONPATH=/home/oscar/Documents/GitHub/Fiverr/arnavsharma227/src/snaking_movement/install/snaking_movement/lib/python3.8/site-packages:${PYTHONPATH} /usr/bin/python3 setup.py egg_info --egg-base build/snaking_movement build --build-base /home/oscar/Documents/GitHub/Fiverr/arnavsharma227/src/snaking_movement/build/snaking_movement/build install --prefix /home/oscar/Documents/GitHub/Fiverr/arnavsharma227/src/snaking_movement/install/snaking_movement --record /home/oscar/Documents/GitHub/Fiverr/arnavsharma227/src/snaking_movement/build/snaking_movement/install.log --single-version-externally-managed
